

Microchip MPLAB XC8 Assembler V2.40 build 20220703182018 
                                                                                               Thu Aug 03 15:56:03 2023

Microchip MPLAB XC8 C Compiler v2.40 (Free license) build 20220703182018 Og1 
     1                           	processor	16F887
     2                           	pagewidth 120
     3                           	opt	flic
     4                           	psect	cinit,global,class=CODE,merge=1,delta=2
     5                           	psect	bssCOMMON,global,class=COMMON,space=1,delta=1,noexec
     6                           	psect	cstackCOMMON,global,class=COMMON,space=1,delta=1,noexec
     7                           	psect	cstackBANK0,global,class=BANK0,space=1,delta=1,noexec
     8                           	psect	maintext,global,class=CODE,split=1,delta=2
     9                           	psect	text1,local,class=CODE,merge=1,delta=2
    10                           	psect	text2,local,class=CODE,merge=1,delta=2
    11                           	psect	text3,local,class=CODE,merge=1,delta=2
    12                           	psect	text4,local,class=CODE,merge=1,delta=2
    13                           	psect	intentry,global,class=CODE,delta=2
    14                           	psect	text5,local,class=CODE,merge=1,delta=2
    15                           	psect	idloc,global,abs,ovrld,class=IDLOC,space=5,delta=2,noexec
    16                           	psect	config,global,abs,ovrld,class=CONFIG,space=4,delta=2,noexec
    17                           	dabs	1,0x7E,2
    18     0000                     
    19                           ; Version 2.40
    20                           ; Generated 17/11/2021 GMT
    21                           ; 
    22                           ; Copyright © 2021, Microchip Technology Inc. and its subsidiaries ("Microchip")
    23                           ; All rights reserved.
    24                           ; 
    25                           ; This software is developed by Microchip Technology Inc. and its subsidiaries ("Microch
      +                          ip").
    26                           ; 
    27                           ; Redistribution and use in source and binary forms, with or without modification, are
    28                           ; permitted provided that the following conditions are met:
    29                           ; 
    30                           ;     1. Redistributions of source code must retain the above copyright notice, this lis
      +                          t of
    31                           ;        conditions and the following disclaimer.
    32                           ; 
    33                           ;     2. Redistributions in binary form must reproduce the above copyright notice, this 
      +                          list
    34                           ;        of conditions and the following disclaimer in the documentation and/or other
    35                           ;        materials provided with the distribution. Publication is not required when
    36                           ;        this file is used in an embedded application.
    37                           ; 
    38                           ;     3. Microchip's name may not be used to endorse or promote products derived from th
      +                          is
    39                           ;        software without specific prior written permission.
    40                           ; 
    41                           ; THIS SOFTWARE IS PROVIDED BY MICROCHIP "AS IS" AND ANY EXPRESS OR IMPLIED WARRANTIES,
    42                           ; INCLUDING, BUT NOT LIMITED TO, THE IMPLIED WARRANTIES OF MERCHANTABILITY AND FITNESS F
      +                          OR
    43                           ; PURPOSE ARE DISCLAIMED.  IN NO EVENT SHALL MICROCHIP BE LIABLE FOR ANY DIRECT, INDIREC
      +                          T,
    44                           ; INCIDENTAL, SPECIAL, EXEMPLARY, OR CONSEQUENTIAL DAMAGES (INCLUDING BUT NOT LIMITED TO
    45                           ; PROCUREMENT OF SUBSTITUTE GOODS OR SERVICES; LOSS OF USE, DATA OR PROFITS; OR BUSINESS
    46                           ; INTERRUPTION) HOWSOEVER CAUSED AND ON ANY THEORY OF LIABILITY, WHETHER IN CONTRACT, ST
      +                          RICT
    47                           ; LIABILITY, OR TORT (INCLUDING NEGLIGENCE OR OTHERWISE) ARISING IN ANY WAY OUT OF THE U
      +                          SE OF
    48                           ; THIS SOFTWARE, EVEN IF ADVISED OF THE POSSIBILITY OF SUCH DAMAGE.
    49                           ; 
    50                           ; 
    51                           ; Code-generator required, PIC16F887 Definitions
    52                           ; 
    53                           ; SFR Addresses
    54     0000                     	;# 
    55     0001                     	;# 
    56     0002                     	;# 
    57     0003                     	;# 
    58     0004                     	;# 
    59     0005                     	;# 
    60     0006                     	;# 
    61     0007                     	;# 
    62     0008                     	;# 
    63     0009                     	;# 
    64     000A                     	;# 
    65     000B                     	;# 
    66     000C                     	;# 
    67     000D                     	;# 
    68     000E                     	;# 
    69     000E                     	;# 
    70     000F                     	;# 
    71     0010                     	;# 
    72     0011                     	;# 
    73     0012                     	;# 
    74     0013                     	;# 
    75     0014                     	;# 
    76     0015                     	;# 
    77     0015                     	;# 
    78     0016                     	;# 
    79     0017                     	;# 
    80     0018                     	;# 
    81     0019                     	;# 
    82     001A                     	;# 
    83     001B                     	;# 
    84     001B                     	;# 
    85     001C                     	;# 
    86     001D                     	;# 
    87     001E                     	;# 
    88     001F                     	;# 
    89     0081                     	;# 
    90     0085                     	;# 
    91     0086                     	;# 
    92     0087                     	;# 
    93     0088                     	;# 
    94     0089                     	;# 
    95     008C                     	;# 
    96     008D                     	;# 
    97     008E                     	;# 
    98     008F                     	;# 
    99     0090                     	;# 
   100     0091                     	;# 
   101     0092                     	;# 
   102     0093                     	;# 
   103     0093                     	;# 
   104     0093                     	;# 
   105     0094                     	;# 
   106     0095                     	;# 
   107     0096                     	;# 
   108     0097                     	;# 
   109     0098                     	;# 
   110     0099                     	;# 
   111     009A                     	;# 
   112     009B                     	;# 
   113     009C                     	;# 
   114     009D                     	;# 
   115     009E                     	;# 
   116     009F                     	;# 
   117     0105                     	;# 
   118     0107                     	;# 
   119     0108                     	;# 
   120     0109                     	;# 
   121     010C                     	;# 
   122     010C                     	;# 
   123     010D                     	;# 
   124     010E                     	;# 
   125     010F                     	;# 
   126     0185                     	;# 
   127     0187                     	;# 
   128     0188                     	;# 
   129     0189                     	;# 
   130     018C                     	;# 
   131     018D                     	;# 
   132     0000                     	;# 
   133     0001                     	;# 
   134     0002                     	;# 
   135     0003                     	;# 
   136     0004                     	;# 
   137     0005                     	;# 
   138     0006                     	;# 
   139     0007                     	;# 
   140     0008                     	;# 
   141     0009                     	;# 
   142     000A                     	;# 
   143     000B                     	;# 
   144     000C                     	;# 
   145     000D                     	;# 
   146     000E                     	;# 
   147     000E                     	;# 
   148     000F                     	;# 
   149     0010                     	;# 
   150     0011                     	;# 
   151     0012                     	;# 
   152     0013                     	;# 
   153     0014                     	;# 
   154     0015                     	;# 
   155     0015                     	;# 
   156     0016                     	;# 
   157     0017                     	;# 
   158     0018                     	;# 
   159     0019                     	;# 
   160     001A                     	;# 
   161     001B                     	;# 
   162     001B                     	;# 
   163     001C                     	;# 
   164     001D                     	;# 
   165     001E                     	;# 
   166     001F                     	;# 
   167     0081                     	;# 
   168     0085                     	;# 
   169     0086                     	;# 
   170     0087                     	;# 
   171     0088                     	;# 
   172     0089                     	;# 
   173     008C                     	;# 
   174     008D                     	;# 
   175     008E                     	;# 
   176     008F                     	;# 
   177     0090                     	;# 
   178     0091                     	;# 
   179     0092                     	;# 
   180     0093                     	;# 
   181     0093                     	;# 
   182     0093                     	;# 
   183     0094                     	;# 
   184     0095                     	;# 
   185     0096                     	;# 
   186     0097                     	;# 
   187     0098                     	;# 
   188     0099                     	;# 
   189     009A                     	;# 
   190     009B                     	;# 
   191     009C                     	;# 
   192     009D                     	;# 
   193     009E                     	;# 
   194     009F                     	;# 
   195     0105                     	;# 
   196     0107                     	;# 
   197     0108                     	;# 
   198     0109                     	;# 
   199     010C                     	;# 
   200     010C                     	;# 
   201     010D                     	;# 
   202     010E                     	;# 
   203     010F                     	;# 
   204     0185                     	;# 
   205     0187                     	;# 
   206     0188                     	;# 
   207     0189                     	;# 
   208     018C                     	;# 
   209     018D                     	;# 
   210     0000                     	;# 
   211     0001                     	;# 
   212     0002                     	;# 
   213     0003                     	;# 
   214     0004                     	;# 
   215     0005                     	;# 
   216     0006                     	;# 
   217     0007                     	;# 
   218     0008                     	;# 
   219     0009                     	;# 
   220     000A                     	;# 
   221     000B                     	;# 
   222     000C                     	;# 
   223     000D                     	;# 
   224     000E                     	;# 
   225     000E                     	;# 
   226     000F                     	;# 
   227     0010                     	;# 
   228     0011                     	;# 
   229     0012                     	;# 
   230     0013                     	;# 
   231     0014                     	;# 
   232     0015                     	;# 
   233     0015                     	;# 
   234     0016                     	;# 
   235     0017                     	;# 
   236     0018                     	;# 
   237     0019                     	;# 
   238     001A                     	;# 
   239     001B                     	;# 
   240     001B                     	;# 
   241     001C                     	;# 
   242     001D                     	;# 
   243     001E                     	;# 
   244     001F                     	;# 
   245     0081                     	;# 
   246     0085                     	;# 
   247     0086                     	;# 
   248     0087                     	;# 
   249     0088                     	;# 
   250     0089                     	;# 
   251     008C                     	;# 
   252     008D                     	;# 
   253     008E                     	;# 
   254     008F                     	;# 
   255     0090                     	;# 
   256     0091                     	;# 
   257     0092                     	;# 
   258     0093                     	;# 
   259     0093                     	;# 
   260     0093                     	;# 
   261     0094                     	;# 
   262     0095                     	;# 
   263     0096                     	;# 
   264     0097                     	;# 
   265     0098                     	;# 
   266     0099                     	;# 
   267     009A                     	;# 
   268     009B                     	;# 
   269     009C                     	;# 
   270     009D                     	;# 
   271     009E                     	;# 
   272     009F                     	;# 
   273     0105                     	;# 
   274     0107                     	;# 
   275     0108                     	;# 
   276     0109                     	;# 
   277     010C                     	;# 
   278     010C                     	;# 
   279     010D                     	;# 
   280     010E                     	;# 
   281     010F                     	;# 
   282     0185                     	;# 
   283     0187                     	;# 
   284     0188                     	;# 
   285     0189                     	;# 
   286     018C                     	;# 
   287     018D                     	;# 
   288     0000                     	;# 
   289     0001                     	;# 
   290     0002                     	;# 
   291     0003                     	;# 
   292     0004                     	;# 
   293     0005                     	;# 
   294     0006                     	;# 
   295     0007                     	;# 
   296     0008                     	;# 
   297     0009                     	;# 
   298     000A                     	;# 
   299     000B                     	;# 
   300     000C                     	;# 
   301     000D                     	;# 
   302     000E                     	;# 
   303     000E                     	;# 
   304     000F                     	;# 
   305     0010                     	;# 
   306     0011                     	;# 
   307     0012                     	;# 
   308     0013                     	;# 
   309     0014                     	;# 
   310     0015                     	;# 
   311     0015                     	;# 
   312     0016                     	;# 
   313     0017                     	;# 
   314     0018                     	;# 
   315     0019                     	;# 
   316     001A                     	;# 
   317     001B                     	;# 
   318     001B                     	;# 
   319     001C                     	;# 
   320     001D                     	;# 
   321     001E                     	;# 
   322     001F                     	;# 
   323     0081                     	;# 
   324     0085                     	;# 
   325     0086                     	;# 
   326     0087                     	;# 
   327     0088                     	;# 
   328     0089                     	;# 
   329     008C                     	;# 
   330     008D                     	;# 
   331     008E                     	;# 
   332     008F                     	;# 
   333     0090                     	;# 
   334     0091                     	;# 
   335     0092                     	;# 
   336     0093                     	;# 
   337     0093                     	;# 
   338     0093                     	;# 
   339     0094                     	;# 
   340     0095                     	;# 
   341     0096                     	;# 
   342     0097                     	;# 
   343     0098                     	;# 
   344     0099                     	;# 
   345     009A                     	;# 
   346     009B                     	;# 
   347     009C                     	;# 
   348     009D                     	;# 
   349     009E                     	;# 
   350     009F                     	;# 
   351     0105                     	;# 
   352     0107                     	;# 
   353     0108                     	;# 
   354     0109                     	;# 
   355     010C                     	;# 
   356     010C                     	;# 
   357     010D                     	;# 
   358     010E                     	;# 
   359     010F                     	;# 
   360     0185                     	;# 
   361     0187                     	;# 
   362     0188                     	;# 
   363     0189                     	;# 
   364     018C                     	;# 
   365     018D                     	;# 
   366     0014                     _SSPCON	set	20
   367     001E                     _ADRESH	set	30
   368     001F                     _ADCON0	set	31
   369     001F                     _ADCON0bits	set	31
   370     0013                     _SSPBUF	set	19
   371     0014                     _SSPCONbits	set	20
   372     000C                     _PIR1bits	set	12
   373     0009                     _PORTE	set	9
   374     0008                     _PORTD	set	8
   375     0006                     _PORTB	set	6
   376     0005                     _PORTA	set	5
   377     000C                     _PIR1	set	12
   378     000B                     _INTCON	set	11
   379     005E                     _PEIE	set	94
   380     005F                     _GIE	set	95
   381     0063                     _SSPIF	set	99
   382     0091                     _SSPCON2bits	set	145
   383     0087                     _TRISCbits	set	135
   384     0094                     _SSPSTAT	set	148
   385     0093                     _SSPADD	set	147
   386     0091                     _SSPCON2	set	145
   387     0086                     _TRISBbits	set	134
   388     0089                     _TRISEbits	set	137
   389     0085                     _TRISAbits	set	133
   390     009F                     _ADCON1	set	159
   391     0094                     _SSPSTATbits	set	148
   392     0089                     _TRISE	set	137
   393     0088                     _TRISD	set	136
   394     0086                     _TRISB	set	134
   395     0081                     _OPTION_REG	set	129
   396     008C                     _PIE1	set	140
   397     008F                     _OSCCON	set	143
   398     0463                     _SSPIE	set	1123
   399     043C                     _TRISC4	set	1084
   400     043B                     _TRISC3	set	1083
   401     04A0                     _BF	set	1184
   402     0189                     _ANSELHbits	set	393
   403     0188                     _ANSELbits	set	392
   404     0189                     _ANSELH	set	393
   405     0188                     _ANSEL	set	392
   406                           
   407                           	psect	cinit
   408     000F                     start_initialization:	
   409                           ; #config settings
   410                           
   411     000F                     __initialization:
   412                           
   413                           ; Clear objects allocated to COMMON
   414     000F  01F7               	clrf	__pbssCOMMON& (0+127)
   415     0010  01F8               	clrf	(__pbssCOMMON+1)& (0+127)
   416     0011                     end_of_initialization:	
   417                           ;End of C runtime variable initialization code
   418                           
   419     0011                     __end_of__initialization:
   420     0011  0183               	clrf	3
   421     0012  120A  118A  2980   	ljmp	_main	;jump to C main() function
   422                           
   423                           	psect	bssCOMMON
   424     0077                     __pbssCOMMON:
   425     0077                     _ADC:
   426     0077                     	ds	1
   427     0078                     _z:
   428     0078                     	ds	1
   429                           
   430                           	psect	cstackCOMMON
   431     0070                     __pcstackCOMMON:
   432     0070                     ?_I2C_Slave_Init:
   433     0070                     ?_setup:	
   434                           ; 1 bytes @ 0x0
   435                           
   436     0070                     ?_isr:	
   437                           ; 1 bytes @ 0x0
   438                           
   439     0070                     ?_main:	
   440                           ; 1 bytes @ 0x0
   441                           
   442     0070                     ?_read_ADC:	
   443                           ; 1 bytes @ 0x0
   444                           
   445                           
   446                           ; 2 bytes @ 0x0
   447     0070                     	ds	2
   448     0072                     ??_read_ADC:
   449                           
   450                           ; 1 bytes @ 0x2
   451     0072                     	ds	2
   452     0074                     ??_isr:
   453                           
   454                           ; 1 bytes @ 0x4
   455     0074                     	ds	3
   456                           
   457                           	psect	cstackBANK0
   458     0020                     __pcstackBANK0:
   459     0020                     ?_setup_ADC:
   460     0020                     ??_I2C_Slave_Init:	
   461                           ; 1 bytes @ 0x0
   462                           
   463     0020                     I2C_Slave_Init@address:	
   464                           ; 1 bytes @ 0x0
   465                           
   466     0020                     setup_ADC@channel:	
   467                           ; 1 bytes @ 0x0
   468                           
   469                           
   470                           ; 2 bytes @ 0x0
   471     0020                     	ds	2
   472     0022                     ??_setup_ADC:
   473     0022                     ??_setup:	
   474                           ; 1 bytes @ 0x2
   475                           
   476     0022                     ??_main:	
   477                           ; 1 bytes @ 0x2
   478                           
   479                           
   480                           ; 1 bytes @ 0x2
   481     0022                     	ds	2
   482                           
   483                           	psect	maintext
   484     0180                     __pmaintext:	
   485 ;;
   486 ;;Main: autosize = 0, tempsize = 2, incstack = 0, save=0
   487 ;;
   488 ;; *************** function _main *****************
   489 ;; Defined at:
   490 ;;		line 113 in file "Principal.c"
   491 ;; Parameters:    Size  Location     Type
   492 ;;		None
   493 ;; Auto vars:     Size  Location     Type
   494 ;;		None
   495 ;; Return value:  Size  Location     Type
   496 ;;                  1    wreg      void 
   497 ;; Registers used:
   498 ;;		wreg, fsr0l, fsr0h, status,2, status,0, pclath, cstack
   499 ;; Tracked objects:
   500 ;;		On entry : B00/0
   501 ;;		On exit  : 0/0
   502 ;;		Unchanged: 0/0
   503 ;; Data sizes:     COMMON   BANK0   BANK1   BANK3   BANK2
   504 ;;      Params:         0       0       0       0       0
   505 ;;      Locals:         0       0       0       0       0
   506 ;;      Temps:          0       2       0       0       0
   507 ;;      Totals:         0       2       0       0       0
   508 ;;Total ram usage:        2 bytes
   509 ;; Hardware stack levels required when called: 4
   510 ;; This function calls:
   511 ;;		_setup
   512 ;; This function is called by:
   513 ;;		Startup code after reset
   514 ;; This function uses a non-reentrant model
   515 ;;
   516                           
   517     0180                     _main:	
   518                           ;psect for function _main
   519                           
   520     0180                     l1555:	
   521                           ;incstack = 0
   522                           ; Regs used in _main: [wreg-fsr0h+status,2+status,0+pclath+cstack]
   523                           
   524                           
   525                           ;Principal.c: 114:     setup();
   526     0180  120A  118A  2156  120A  118A  	fcall	_setup
   527     0185                     l1557:
   528                           
   529                           ;Principal.c: 116:         if (ADCON0bits.GO == 0){
   530     0185  1283               	bcf	3,5	;RP0=0, select bank0
   531     0186  1303               	bcf	3,6	;RP1=0, select bank0
   532     0187  189F               	btfsc	31,1	;volatile
   533     0188  298A               	goto	u411
   534     0189  298B               	goto	u410
   535     018A                     u411:
   536     018A  2985               	goto	l1557
   537     018B                     u410:
   538     018B                     l1559:
   539                           
   540                           ;Principal.c: 117:             _delay((unsigned long)((5)*(8000000/4000.0)));
   541     018B  300D               	movlw	13
   542     018C  1283               	bcf	3,5	;RP0=0, select bank0
   543     018D  1303               	bcf	3,6	;RP1=0, select bank0
   544     018E  00A3               	movwf	??_main+1
   545     018F  30FB               	movlw	251
   546     0190  00A2               	movwf	??_main
   547     0191                     u427:
   548     0191  0BA2               	decfsz	??_main,f
   549     0192  2991               	goto	u427
   550     0193  0BA3               	decfsz	??_main+1,f
   551     0194  2991               	goto	u427
   552     0195                     l1561:
   553                           
   554                           ;Principal.c: 118:             ADCON0bits.GO = 1;
   555     0195  1283               	bcf	3,5	;RP0=0, select bank0
   556     0196  1303               	bcf	3,6	;RP1=0, select bank0
   557     0197  149F               	bsf	31,1	;volatile
   558     0198  2985               	goto	l1557
   559     0199  120A  118A  280C   	ljmp	start
   560     019C                     __end_of_main:
   561                           
   562                           	psect	text1
   563     0156                     __ptext1:	
   564 ;; *************** function _setup *****************
   565 ;; Defined at:
   566 ;;		line 41 in file "Principal.c"
   567 ;; Parameters:    Size  Location     Type
   568 ;;		None
   569 ;; Auto vars:     Size  Location     Type
   570 ;;		None
   571 ;; Return value:  Size  Location     Type
   572 ;;                  1    wreg      void 
   573 ;; Registers used:
   574 ;;		wreg, fsr0l, fsr0h, status,2, status,0, pclath, cstack
   575 ;; Tracked objects:
   576 ;;		On entry : 0/0
   577 ;;		On exit  : 0/0
   578 ;;		Unchanged: 0/0
   579 ;; Data sizes:     COMMON   BANK0   BANK1   BANK3   BANK2
   580 ;;      Params:         0       0       0       0       0
   581 ;;      Locals:         0       0       0       0       0
   582 ;;      Temps:          0       0       0       0       0
   583 ;;      Totals:         0       0       0       0       0
   584 ;;Total ram usage:        0 bytes
   585 ;; Hardware stack levels used: 1
   586 ;; Hardware stack levels required when called: 3
   587 ;; This function calls:
   588 ;;		_I2C_Slave_Init
   589 ;;		_setup_ADC
   590 ;; This function is called by:
   591 ;;		_main
   592 ;; This function uses a non-reentrant model
   593 ;;
   594                           
   595     0156                     _setup:	
   596                           ;psect for function _setup
   597                           
   598     0156                     l1529:	
   599                           ;incstack = 0
   600                           ; Regs used in _setup: [wreg-fsr0h+status,2+status,0+pclath+cstack]
   601                           
   602                           
   603                           ;Principal.c: 43:     OSCCON = 0B01110001;
   604     0156  3071               	movlw	113
   605     0157  1683               	bsf	3,5	;RP0=1, select bank1
   606     0158  1303               	bcf	3,6	;RP1=0, select bank1
   607     0159  008F               	movwf	15	;volatile
   608                           
   609                           ;Principal.c: 46:     INTCON = 0B11000000;
   610     015A  30C0               	movlw	192
   611     015B  008B               	movwf	11	;volatile
   612                           
   613                           ;Principal.c: 47:     PIE1 = 0B01010000;
   614     015C  3050               	movlw	80
   615     015D  008C               	movwf	12	;volatile
   616     015E                     l1531:
   617                           
   618                           ;Principal.c: 48:     PIR1 = 0B00000000;
   619     015E  1283               	bcf	3,5	;RP0=0, select bank0
   620     015F  1303               	bcf	3,6	;RP1=0, select bank0
   621     0160  018C               	clrf	12	;volatile
   622     0161                     l1533:
   623                           
   624                           ;Principal.c: 49:     OPTION_REG = 0;
   625     0161  1683               	bsf	3,5	;RP0=1, select bank1
   626     0162  1303               	bcf	3,6	;RP1=0, select bank1
   627     0163  0181               	clrf	1	;volatile
   628     0164                     l1535:
   629                           
   630                           ;Principal.c: 52:     setup_ADC(0);
   631     0164  3000               	movlw	0
   632     0165  1283               	bcf	3,5	;RP0=0, select bank0
   633     0166  1303               	bcf	3,6	;RP1=0, select bank0
   634     0167  00A0               	movwf	setup_ADC@channel
   635     0168  00A1               	movwf	setup_ADC@channel+1
   636     0169  120A  118A  2015  120A  118A  	fcall	_setup_ADC
   637     016E                     l1537:
   638                           
   639                           ;Principal.c: 55:     I2C_Slave_Init(0x10);
   640     016E  3010               	movlw	16
   641     016F  120A  118A  219C  120A  118A  	fcall	_I2C_Slave_Init
   642     0174                     l1539:
   643                           
   644                           ;Principal.c: 58:     TRISB = 0;
   645     0174  1683               	bsf	3,5	;RP0=1, select bank1
   646     0175  1303               	bcf	3,6	;RP1=0, select bank1
   647     0176  0186               	clrf	6	;volatile
   648     0177                     l1541:
   649                           
   650                           ;Principal.c: 59:     TRISD = 0;
   651     0177  0188               	clrf	8	;volatile
   652     0178                     l1543:
   653                           
   654                           ;Principal.c: 60:     TRISE = 0;
   655     0178  0189               	clrf	9	;volatile
   656     0179                     l1545:
   657                           
   658                           ;Principal.c: 63:     PORTA = 0;
   659     0179  1283               	bcf	3,5	;RP0=0, select bank0
   660     017A  1303               	bcf	3,6	;RP1=0, select bank0
   661     017B  0185               	clrf	5	;volatile
   662     017C                     l1547:
   663                           
   664                           ;Principal.c: 64:     PORTB = 0;
   665     017C  0186               	clrf	6	;volatile
   666     017D                     l1549:
   667                           
   668                           ;Principal.c: 65:     PORTD = 0;
   669     017D  0188               	clrf	8	;volatile
   670     017E                     l1551:
   671                           
   672                           ;Principal.c: 66:     PORTE = 0;
   673     017E  0189               	clrf	9	;volatile
   674     017F                     l53:
   675     017F  0008               	return
   676     0180                     __end_of_setup:
   677                           
   678                           	psect	text2
   679     0015                     __ptext2:	
   680 ;; *************** function _setup_ADC *****************
   681 ;; Defined at:
   682 ;;		line 8 in file "ADC_int.c"
   683 ;; Parameters:    Size  Location     Type
   684 ;;  channel         2    0[BANK0 ] int 
   685 ;; Auto vars:     Size  Location     Type
   686 ;;		None
   687 ;; Return value:  Size  Location     Type
   688 ;;                  1    wreg      void 
   689 ;; Registers used:
   690 ;;		wreg, fsr0l, fsr0h, status,2, status,0
   691 ;; Tracked objects:
   692 ;;		On entry : 0/0
   693 ;;		On exit  : 0/0
   694 ;;		Unchanged: 0/0
   695 ;; Data sizes:     COMMON   BANK0   BANK1   BANK3   BANK2
   696 ;;      Params:         0       2       0       0       0
   697 ;;      Locals:         0       0       0       0       0
   698 ;;      Temps:          0       0       0       0       0
   699 ;;      Totals:         0       2       0       0       0
   700 ;;Total ram usage:        2 bytes
   701 ;; Hardware stack levels used: 1
   702 ;; Hardware stack levels required when called: 2
   703 ;; This function calls:
   704 ;;		Nothing
   705 ;; This function is called by:
   706 ;;		_setup
   707 ;; This function uses a non-reentrant model
   708 ;;
   709                           
   710     0015                     _setup_ADC:	
   711                           ;psect for function _setup_ADC
   712                           
   713     0015                     l1421:	
   714                           ;incstack = 0
   715                           ; Regs used in _setup_ADC: [wreg-fsr0h+status,2+status,0]
   716                           
   717                           
   718                           ;ADC_int.c: 9:     ADCON0 = 0B01000001;
   719     0015  3041               	movlw	65
   720     0016  1283               	bcf	3,5	;RP0=0, select bank0
   721     0017  1303               	bcf	3,6	;RP1=0, select bank0
   722     0018  009F               	movwf	31	;volatile
   723     0019                     l1423:
   724                           
   725                           ;ADC_int.c: 10:     ADCON1 = 0B00000000;
   726     0019  1683               	bsf	3,5	;RP0=1, select bank1
   727     001A  1303               	bcf	3,6	;RP1=0, select bank1
   728     001B  019F               	clrf	31	;volatile
   729     001C                     l1425:
   730                           
   731                           ;ADC_int.c: 11:     ANSEL = 0;
   732     001C  1683               	bsf	3,5	;RP0=1, select bank3
   733     001D  1703               	bsf	3,6	;RP1=1, select bank3
   734     001E  0188               	clrf	8	;volatile
   735     001F                     l1427:
   736                           
   737                           ;ADC_int.c: 12:     ANSELH = 0;
   738     001F  0189               	clrf	9	;volatile
   739                           
   740                           ;ADC_int.c: 14:     switch (channel){
   741     0020  28B7               	goto	l1509
   742     0021                     l107:	
   743                           ;ADC_int.c: 15:         case 0:
   744                           
   745                           
   746                           ;ADC_int.c: 16:             ANSELbits.ANS0 = 1;
   747     0021  1683               	bsf	3,5	;RP0=1, select bank3
   748     0022  1703               	bsf	3,6	;RP1=1, select bank3
   749     0023  1408               	bsf	8,0	;volatile
   750                           
   751                           ;ADC_int.c: 17:             TRISAbits.TRISA0 = 1;
   752     0024  1683               	bsf	3,5	;RP0=1, select bank1
   753     0025  1303               	bcf	3,6	;RP1=0, select bank1
   754     0026  1405               	bsf	5,0	;volatile
   755                           
   756                           ;ADC_int.c: 18:             break;
   757     0027  28EA               	goto	l122
   758     0028                     l1429:
   759                           
   760                           ;ADC_int.c: 20:             ADCON0bits.CHS = 0B0001;
   761     0028  081F               	movf	31,w	;volatile
   762     0029  39C3               	andlw	-61
   763     002A  3804               	iorlw	4
   764     002B  009F               	movwf	31	;volatile
   765     002C                     l1431:
   766                           
   767                           ;ADC_int.c: 21:             ANSELbits.ANS1 = 1;
   768     002C  1683               	bsf	3,5	;RP0=1, select bank3
   769     002D  1703               	bsf	3,6	;RP1=1, select bank3
   770     002E  1488               	bsf	8,1	;volatile
   771     002F                     l1433:
   772                           
   773                           ;ADC_int.c: 22:             TRISAbits.TRISA1 = 1;
   774     002F  1683               	bsf	3,5	;RP0=1, select bank1
   775     0030  1303               	bcf	3,6	;RP1=0, select bank1
   776     0031  1485               	bsf	5,1	;volatile
   777                           
   778                           ;ADC_int.c: 23:             break;
   779     0032  28EA               	goto	l122
   780     0033                     l1435:
   781                           
   782                           ;ADC_int.c: 25:             ADCON0bits.CHS = 0B0010;
   783     0033  081F               	movf	31,w	;volatile
   784     0034  39C3               	andlw	-61
   785     0035  3808               	iorlw	8
   786     0036  009F               	movwf	31	;volatile
   787     0037                     l1437:
   788                           
   789                           ;ADC_int.c: 26:             ANSELbits.ANS2 = 1;
   790     0037  1683               	bsf	3,5	;RP0=1, select bank3
   791     0038  1703               	bsf	3,6	;RP1=1, select bank3
   792     0039  1508               	bsf	8,2	;volatile
   793     003A                     l1439:
   794                           
   795                           ;ADC_int.c: 27:             TRISAbits.TRISA2 = 1;
   796     003A  1683               	bsf	3,5	;RP0=1, select bank1
   797     003B  1303               	bcf	3,6	;RP1=0, select bank1
   798     003C  1505               	bsf	5,2	;volatile
   799                           
   800                           ;ADC_int.c: 28:             break;
   801     003D  28EA               	goto	l122
   802     003E                     l1441:
   803                           
   804                           ;ADC_int.c: 30:             ADCON0bits.CHS = 0B0011;
   805     003E  081F               	movf	31,w	;volatile
   806     003F  39C3               	andlw	-61
   807     0040  380C               	iorlw	12
   808     0041  009F               	movwf	31	;volatile
   809     0042                     l1443:
   810                           
   811                           ;ADC_int.c: 31:             ANSELbits.ANS3 = 1;
   812     0042  1683               	bsf	3,5	;RP0=1, select bank3
   813     0043  1703               	bsf	3,6	;RP1=1, select bank3
   814     0044  1588               	bsf	8,3	;volatile
   815     0045                     l1445:
   816                           
   817                           ;ADC_int.c: 32:             TRISAbits.TRISA3 = 1;
   818     0045  1683               	bsf	3,5	;RP0=1, select bank1
   819     0046  1303               	bcf	3,6	;RP1=0, select bank1
   820     0047  1585               	bsf	5,3	;volatile
   821                           
   822                           ;ADC_int.c: 33:             break;
   823     0048  28EA               	goto	l122
   824     0049                     l1447:
   825                           
   826                           ;ADC_int.c: 35:             ADCON0bits.CHS = 0B0100;
   827     0049  081F               	movf	31,w	;volatile
   828     004A  39C3               	andlw	-61
   829     004B  3810               	iorlw	16
   830     004C  009F               	movwf	31	;volatile
   831     004D                     l1449:
   832                           
   833                           ;ADC_int.c: 36:             ANSELbits.ANS4 = 1;
   834     004D  1683               	bsf	3,5	;RP0=1, select bank3
   835     004E  1703               	bsf	3,6	;RP1=1, select bank3
   836     004F  1608               	bsf	8,4	;volatile
   837     0050                     l1451:
   838                           
   839                           ;ADC_int.c: 37:             TRISAbits.TRISA5 = 1;
   840     0050  1683               	bsf	3,5	;RP0=1, select bank1
   841     0051  1303               	bcf	3,6	;RP1=0, select bank1
   842     0052  1685               	bsf	5,5	;volatile
   843                           
   844                           ;ADC_int.c: 38:             break;
   845     0053  28EA               	goto	l122
   846     0054                     l1453:
   847                           
   848                           ;ADC_int.c: 40:             ADCON0bits.CHS = 0B0101;
   849     0054  081F               	movf	31,w	;volatile
   850     0055  39C3               	andlw	-61
   851     0056  3814               	iorlw	20
   852     0057  009F               	movwf	31	;volatile
   853     0058                     l1455:
   854                           
   855                           ;ADC_int.c: 41:             ANSELbits.ANS5 = 1;
   856     0058  1683               	bsf	3,5	;RP0=1, select bank3
   857     0059  1703               	bsf	3,6	;RP1=1, select bank3
   858     005A  1688               	bsf	8,5	;volatile
   859     005B                     l1457:
   860                           
   861                           ;ADC_int.c: 42:             TRISEbits.TRISE0 = 1;
   862     005B  1683               	bsf	3,5	;RP0=1, select bank1
   863     005C  1303               	bcf	3,6	;RP1=0, select bank1
   864     005D  1409               	bsf	9,0	;volatile
   865                           
   866                           ;ADC_int.c: 43:             break;
   867     005E  28EA               	goto	l122
   868     005F                     l1459:
   869                           
   870                           ;ADC_int.c: 45:             ADCON0bits.CHS = 0B0110;
   871     005F  081F               	movf	31,w	;volatile
   872     0060  39C3               	andlw	-61
   873     0061  3818               	iorlw	24
   874     0062  009F               	movwf	31	;volatile
   875     0063                     l1461:
   876                           
   877                           ;ADC_int.c: 46:             ANSELbits.ANS6 = 1;
   878     0063  1683               	bsf	3,5	;RP0=1, select bank3
   879     0064  1703               	bsf	3,6	;RP1=1, select bank3
   880     0065  1708               	bsf	8,6	;volatile
   881     0066                     l1463:
   882                           
   883                           ;ADC_int.c: 47:             TRISEbits.TRISE1 = 1;
   884     0066  1683               	bsf	3,5	;RP0=1, select bank1
   885     0067  1303               	bcf	3,6	;RP1=0, select bank1
   886     0068  1489               	bsf	9,1	;volatile
   887                           
   888                           ;ADC_int.c: 48:             break;
   889     0069  28EA               	goto	l122
   890     006A                     l1465:
   891                           
   892                           ;ADC_int.c: 50:             ADCON0bits.CHS = 0B0111;
   893     006A  081F               	movf	31,w	;volatile
   894     006B  39C3               	andlw	-61
   895     006C  381C               	iorlw	28
   896     006D  009F               	movwf	31	;volatile
   897     006E                     l1467:
   898                           
   899                           ;ADC_int.c: 51:             ANSELbits.ANS7 = 1;
   900     006E  1683               	bsf	3,5	;RP0=1, select bank3
   901     006F  1703               	bsf	3,6	;RP1=1, select bank3
   902     0070  1788               	bsf	8,7	;volatile
   903     0071                     l1469:
   904                           
   905                           ;ADC_int.c: 52:             TRISEbits.TRISE2 = 1;
   906     0071  1683               	bsf	3,5	;RP0=1, select bank1
   907     0072  1303               	bcf	3,6	;RP1=0, select bank1
   908     0073  1509               	bsf	9,2	;volatile
   909                           
   910                           ;ADC_int.c: 53:             break;
   911     0074  28EA               	goto	l122
   912     0075                     l1471:
   913                           
   914                           ;ADC_int.c: 55:             ADCON0bits.CHS = 0B1000;
   915     0075  081F               	movf	31,w	;volatile
   916     0076  39C3               	andlw	-61
   917     0077  3820               	iorlw	32
   918     0078  009F               	movwf	31	;volatile
   919     0079                     l1473:
   920                           
   921                           ;ADC_int.c: 56:             ANSELHbits.ANS8 = 1;
   922     0079  1683               	bsf	3,5	;RP0=1, select bank3
   923     007A  1703               	bsf	3,6	;RP1=1, select bank3
   924     007B  1409               	bsf	9,0	;volatile
   925     007C                     l1475:
   926                           
   927                           ;ADC_int.c: 57:             TRISBbits.TRISB2 = 1;
   928     007C  1683               	bsf	3,5	;RP0=1, select bank1
   929     007D  1303               	bcf	3,6	;RP1=0, select bank1
   930     007E  1506               	bsf	6,2	;volatile
   931                           
   932                           ;ADC_int.c: 58:             break;
   933     007F  28EA               	goto	l122
   934     0080                     l1477:
   935                           
   936                           ;ADC_int.c: 60:             ADCON0bits.CHS = 0B1001;
   937     0080  081F               	movf	31,w	;volatile
   938     0081  39C3               	andlw	-61
   939     0082  3824               	iorlw	36
   940     0083  009F               	movwf	31	;volatile
   941     0084                     l1479:
   942                           
   943                           ;ADC_int.c: 61:             ANSELHbits.ANS9 = 1;
   944     0084  1683               	bsf	3,5	;RP0=1, select bank3
   945     0085  1703               	bsf	3,6	;RP1=1, select bank3
   946     0086  1489               	bsf	9,1	;volatile
   947     0087                     l1481:
   948                           
   949                           ;ADC_int.c: 62:             TRISBbits.TRISB3 = 1;
   950     0087  1683               	bsf	3,5	;RP0=1, select bank1
   951     0088  1303               	bcf	3,6	;RP1=0, select bank1
   952     0089  1586               	bsf	6,3	;volatile
   953                           
   954                           ;ADC_int.c: 63:             break;
   955     008A  28EA               	goto	l122
   956     008B                     l1483:
   957                           
   958                           ;ADC_int.c: 65:             ADCON0bits.CHS = 0B1010;
   959     008B  081F               	movf	31,w	;volatile
   960     008C  39C3               	andlw	-61
   961     008D  3828               	iorlw	40
   962     008E  009F               	movwf	31	;volatile
   963     008F                     l1485:
   964                           
   965                           ;ADC_int.c: 66:             ANSELHbits.ANS10 = 1;
   966     008F  1683               	bsf	3,5	;RP0=1, select bank3
   967     0090  1703               	bsf	3,6	;RP1=1, select bank3
   968     0091  1509               	bsf	9,2	;volatile
   969     0092                     l1487:
   970                           
   971                           ;ADC_int.c: 67:             TRISBbits.TRISB1 = 1;
   972     0092  1683               	bsf	3,5	;RP0=1, select bank1
   973     0093  1303               	bcf	3,6	;RP1=0, select bank1
   974     0094  1486               	bsf	6,1	;volatile
   975                           
   976                           ;ADC_int.c: 68:             break;
   977     0095  28EA               	goto	l122
   978     0096                     l1489:
   979                           
   980                           ;ADC_int.c: 70:             ADCON0bits.CHS = 0B1011;
   981     0096  081F               	movf	31,w	;volatile
   982     0097  39C3               	andlw	-61
   983     0098  382C               	iorlw	44
   984     0099  009F               	movwf	31	;volatile
   985     009A                     l1491:
   986                           
   987                           ;ADC_int.c: 71:             ANSELHbits.ANS11 = 1;
   988     009A  1683               	bsf	3,5	;RP0=1, select bank3
   989     009B  1703               	bsf	3,6	;RP1=1, select bank3
   990     009C  1589               	bsf	9,3	;volatile
   991     009D                     l1493:
   992                           
   993                           ;ADC_int.c: 72:             TRISBbits.TRISB4 = 1;
   994     009D  1683               	bsf	3,5	;RP0=1, select bank1
   995     009E  1303               	bcf	3,6	;RP1=0, select bank1
   996     009F  1606               	bsf	6,4	;volatile
   997                           
   998                           ;ADC_int.c: 73:             break;
   999     00A0  28EA               	goto	l122
  1000     00A1                     l1495:
  1001                           
  1002                           ;ADC_int.c: 75:             ADCON0bits.CHS = 0B1100;
  1003     00A1  081F               	movf	31,w	;volatile
  1004     00A2  39C3               	andlw	-61
  1005     00A3  3830               	iorlw	48
  1006     00A4  009F               	movwf	31	;volatile
  1007     00A5                     l1497:
  1008                           
  1009                           ;ADC_int.c: 76:             ANSELHbits.ANS12 = 1;
  1010     00A5  1683               	bsf	3,5	;RP0=1, select bank3
  1011     00A6  1703               	bsf	3,6	;RP1=1, select bank3
  1012     00A7  1609               	bsf	9,4	;volatile
  1013     00A8                     l1499:
  1014                           
  1015                           ;ADC_int.c: 77:             TRISBbits.TRISB0 = 1;
  1016     00A8  1683               	bsf	3,5	;RP0=1, select bank1
  1017     00A9  1303               	bcf	3,6	;RP1=0, select bank1
  1018     00AA  1406               	bsf	6,0	;volatile
  1019                           
  1020                           ;ADC_int.c: 78:             break;
  1021     00AB  28EA               	goto	l122
  1022     00AC                     l1501:
  1023                           
  1024                           ;ADC_int.c: 80:             ADCON0bits.CHS = 0B1101;
  1025     00AC  081F               	movf	31,w	;volatile
  1026     00AD  39C3               	andlw	-61
  1027     00AE  3834               	iorlw	52
  1028     00AF  009F               	movwf	31	;volatile
  1029     00B0                     l1503:
  1030                           
  1031                           ;ADC_int.c: 81:             ANSELHbits.ANS13 = 1;
  1032     00B0  1683               	bsf	3,5	;RP0=1, select bank3
  1033     00B1  1703               	bsf	3,6	;RP1=1, select bank3
  1034     00B2  1689               	bsf	9,5	;volatile
  1035     00B3                     l1505:
  1036                           
  1037                           ;ADC_int.c: 82:             TRISBbits.TRISB5 = 1;
  1038     00B3  1683               	bsf	3,5	;RP0=1, select bank1
  1039     00B4  1303               	bcf	3,6	;RP1=0, select bank1
  1040     00B5  1686               	bsf	6,5	;volatile
  1041                           
  1042                           ;ADC_int.c: 83:             break;
  1043     00B6  28EA               	goto	l122
  1044     00B7                     l1509:
  1045                           
  1046                           ; Switch on 2 bytes has been partitioned into a top level switch of size 1, and 1 sub-sw
      +                          itches
  1047                           ; Switch size 1, requested type "simple"
  1048                           ; Number of cases is 1, Range of values is 0 to 0
  1049                           ; switch strategies available:
  1050                           ; Name         Instructions Cycles
  1051                           ; simple_byte            4     3 (average)
  1052                           ; direct_byte           11     8 (fixed)
  1053                           ; jumptable            260     6 (fixed)
  1054                           ;	Chosen strategy is simple_byte
  1055     00B7  1283               	bcf	3,5	;RP0=0, select bank0
  1056     00B8  1303               	bcf	3,6	;RP1=0, select bank0
  1057     00B9  0821               	movf	setup_ADC@channel+1,w
  1058     00BA  3A00               	xorlw	0	; case 0
  1059     00BB  1903               	skipnz
  1060     00BC  28BE               	goto	l1583
  1061     00BD  28EA               	goto	l122
  1062     00BE                     l1583:
  1063                           
  1064                           ; Switch size 1, requested type "simple"
  1065                           ; Number of cases is 14, Range of values is 0 to 13
  1066                           ; switch strategies available:
  1067                           ; Name         Instructions Cycles
  1068                           ; simple_byte           43    22 (average)
  1069                           ; direct_byte           50     8 (fixed)
  1070                           ; jumptable            260     6 (fixed)
  1071                           ;	Chosen strategy is simple_byte
  1072     00BE  0820               	movf	setup_ADC@channel,w
  1073     00BF  3A00               	xorlw	0	; case 0
  1074     00C0  1903               	skipnz
  1075     00C1  2821               	goto	l107
  1076     00C2  3A01               	xorlw	1	; case 1
  1077     00C3  1903               	skipnz
  1078     00C4  2828               	goto	l1429
  1079     00C5  3A03               	xorlw	3	; case 2
  1080     00C6  1903               	skipnz
  1081     00C7  2833               	goto	l1435
  1082     00C8  3A01               	xorlw	1	; case 3
  1083     00C9  1903               	skipnz
  1084     00CA  283E               	goto	l1441
  1085     00CB  3A07               	xorlw	7	; case 4
  1086     00CC  1903               	skipnz
  1087     00CD  2849               	goto	l1447
  1088     00CE  3A01               	xorlw	1	; case 5
  1089     00CF  1903               	skipnz
  1090     00D0  2854               	goto	l1453
  1091     00D1  3A03               	xorlw	3	; case 6
  1092     00D2  1903               	skipnz
  1093     00D3  285F               	goto	l1459
  1094     00D4  3A01               	xorlw	1	; case 7
  1095     00D5  1903               	skipnz
  1096     00D6  286A               	goto	l1465
  1097     00D7  3A0F               	xorlw	15	; case 8
  1098     00D8  1903               	skipnz
  1099     00D9  2875               	goto	l1471
  1100     00DA  3A01               	xorlw	1	; case 9
  1101     00DB  1903               	skipnz
  1102     00DC  2880               	goto	l1477
  1103     00DD  3A03               	xorlw	3	; case 10
  1104     00DE  1903               	skipnz
  1105     00DF  288B               	goto	l1483
  1106     00E0  3A01               	xorlw	1	; case 11
  1107     00E1  1903               	skipnz
  1108     00E2  2896               	goto	l1489
  1109     00E3  3A07               	xorlw	7	; case 12
  1110     00E4  1903               	skipnz
  1111     00E5  28A1               	goto	l1495
  1112     00E6  3A01               	xorlw	1	; case 13
  1113     00E7  1903               	skipnz
  1114     00E8  28AC               	goto	l1501
  1115     00E9  28EA               	goto	l122
  1116     00EA                     l122:
  1117     00EA  0008               	return
  1118     00EB                     __end_of_setup_ADC:
  1119                           
  1120                           	psect	text3
  1121     019C                     __ptext3:	
  1122 ;; *************** function _I2C_Slave_Init *****************
  1123 ;; Defined at:
  1124 ;;		line 93 in file "I2C.c"
  1125 ;; Parameters:    Size  Location     Type
  1126 ;;  address         1    wreg     unsigned char 
  1127 ;; Auto vars:     Size  Location     Type
  1128 ;;  address         1    0[BANK0 ] unsigned char 
  1129 ;; Return value:  Size  Location     Type
  1130 ;;                  1    wreg      void 
  1131 ;; Registers used:
  1132 ;;		wreg
  1133 ;; Tracked objects:
  1134 ;;		On entry : 0/0
  1135 ;;		On exit  : 0/0
  1136 ;;		Unchanged: 0/0
  1137 ;; Data sizes:     COMMON   BANK0   BANK1   BANK3   BANK2
  1138 ;;      Params:         0       0       0       0       0
  1139 ;;      Locals:         0       1       0       0       0
  1140 ;;      Temps:          0       0       0       0       0
  1141 ;;      Totals:         0       1       0       0       0
  1142 ;;Total ram usage:        1 bytes
  1143 ;; Hardware stack levels used: 1
  1144 ;; Hardware stack levels required when called: 2
  1145 ;; This function calls:
  1146 ;;		Nothing
  1147 ;; This function is called by:
  1148 ;;		_setup
  1149 ;; This function uses a non-reentrant model
  1150 ;;
  1151                           
  1152     019C                     _I2C_Slave_Init:	
  1153                           ;psect for function _I2C_Slave_Init
  1154                           
  1155                           
  1156                           ;incstack = 0
  1157                           ; Regs used in _I2C_Slave_Init: [wreg]
  1158                           ;I2C_Slave_Init@address stored from wreg
  1159     019C  1283               	bcf	3,5	;RP0=0, select bank0
  1160     019D  1303               	bcf	3,6	;RP1=0, select bank0
  1161     019E  00A0               	movwf	I2C_Slave_Init@address
  1162     019F                     l1515:
  1163                           
  1164                           ;I2C.c: 93: void I2C_Slave_Init(uint8_t address);I2C.c: 94: {;I2C.c: 95:     SSPADD = ad
      +                          dress;
  1165     019F  0820               	movf	I2C_Slave_Init@address,w
  1166     01A0  1683               	bsf	3,5	;RP0=1, select bank1
  1167     01A1  1303               	bcf	3,6	;RP1=0, select bank1
  1168     01A2  0093               	movwf	19	;volatile
  1169                           
  1170                           ;I2C.c: 96:     SSPCON = 0x36;
  1171     01A3  3036               	movlw	54
  1172     01A4  1283               	bcf	3,5	;RP0=0, select bank0
  1173     01A5  1303               	bcf	3,6	;RP1=0, select bank0
  1174     01A6  0094               	movwf	20	;volatile
  1175                           
  1176                           ;I2C.c: 97:     SSPSTAT = 0x80;
  1177     01A7  3080               	movlw	128
  1178     01A8  1683               	bsf	3,5	;RP0=1, select bank1
  1179     01A9  1303               	bcf	3,6	;RP1=0, select bank1
  1180     01AA  0094               	movwf	20	;volatile
  1181                           
  1182                           ;I2C.c: 98:     SSPCON2 = 0x01;
  1183     01AB  3001               	movlw	1
  1184     01AC  0091               	movwf	17	;volatile
  1185     01AD                     l1517:
  1186                           
  1187                           ;I2C.c: 99:     TRISC3 = 1;
  1188     01AD  1587               	bsf	7,3	;volatile
  1189     01AE                     l1519:
  1190                           
  1191                           ;I2C.c: 100:     TRISC4 = 1;
  1192     01AE  1607               	bsf	7,4	;volatile
  1193     01AF                     l1521:
  1194                           
  1195                           ;I2C.c: 101:     GIE = 1;
  1196     01AF  178B               	bsf	11,7	;volatile
  1197     01B0                     l1523:
  1198                           
  1199                           ;I2C.c: 102:     PEIE = 1;
  1200     01B0  170B               	bsf	11,6	;volatile
  1201     01B1                     l1525:
  1202                           
  1203                           ;I2C.c: 103:     SSPIF = 0;
  1204     01B1  1283               	bcf	3,5	;RP0=0, select bank0
  1205     01B2  1303               	bcf	3,6	;RP1=0, select bank0
  1206     01B3  118C               	bcf	12,3	;volatile
  1207     01B4                     l1527:
  1208                           
  1209                           ;I2C.c: 104:     SSPIE = 1;
  1210     01B4  1683               	bsf	3,5	;RP0=1, select bank1
  1211     01B5  1303               	bcf	3,6	;RP1=0, select bank1
  1212     01B6  158C               	bsf	12,3	;volatile
  1213     01B7                     l229:
  1214     01B7  0008               	return
  1215     01B8                     __end_of_I2C_Slave_Init:
  1216                           
  1217                           	psect	text4
  1218     00EB                     __ptext4:	
  1219 ;; *************** function _isr *****************
  1220 ;; Defined at:
  1221 ;;		line 72 in file "Principal.c"
  1222 ;; Parameters:    Size  Location     Type
  1223 ;;		None
  1224 ;; Auto vars:     Size  Location     Type
  1225 ;;		None
  1226 ;; Return value:  Size  Location     Type
  1227 ;;                  1    wreg      void 
  1228 ;; Registers used:
  1229 ;;		wreg, pclath, cstack
  1230 ;; Tracked objects:
  1231 ;;		On entry : 0/0
  1232 ;;		On exit  : 0/0
  1233 ;;		Unchanged: 0/0
  1234 ;; Data sizes:     COMMON   BANK0   BANK1   BANK3   BANK2
  1235 ;;      Params:         0       0       0       0       0
  1236 ;;      Locals:         0       0       0       0       0
  1237 ;;      Temps:          3       0       0       0       0
  1238 ;;      Totals:         3       0       0       0       0
  1239 ;;Total ram usage:        3 bytes
  1240 ;; Hardware stack levels used: 1
  1241 ;; Hardware stack levels required when called: 1
  1242 ;; This function calls:
  1243 ;;		_read_ADC
  1244 ;; This function is called by:
  1245 ;;		Interrupt level 1
  1246 ;; This function uses a non-reentrant model
  1247 ;;
  1248                           
  1249     00EB                     _isr:	
  1250                           ;psect for function _isr
  1251                           
  1252     00EB                     i1l1355:
  1253                           
  1254                           ;Principal.c: 73:     if (PIR1bits.ADIF){
  1255     00EB  1283               	bcf	3,5	;RP0=0, select bank0
  1256     00EC  1303               	bcf	3,6	;RP1=0, select bank0
  1257     00ED  1F0C               	btfss	12,6	;volatile
  1258     00EE  28F0               	goto	u30_21
  1259     00EF  28F1               	goto	u30_20
  1260     00F0                     u30_21:
  1261     00F0  28F8               	goto	i1l1359
  1262     00F1                     u30_20:
  1263     00F1                     i1l1357:
  1264                           
  1265                           ;Principal.c: 74:         ADC = read_ADC();
  1266     00F1  120A  118A  21B8  120A  118A  	fcall	_read_ADC
  1267     00F6  0870               	movf	?_read_ADC,w
  1268     00F7  00F7               	movwf	_ADC
  1269     00F8                     i1l1359:
  1270                           
  1271                           ;Principal.c: 77:     if (SSPIF == 1){
  1272     00F8  1283               	bcf	3,5	;RP0=0, select bank0
  1273     00F9  1303               	bcf	3,6	;RP1=0, select bank0
  1274     00FA  1D8C               	btfss	12,3	;volatile
  1275     00FB  28FD               	goto	u31_21
  1276     00FC  28FE               	goto	u31_20
  1277     00FD                     u31_21:
  1278     00FD  294B               	goto	i1l59
  1279     00FE                     u31_20:
  1280     00FE                     i1l1361:
  1281                           
  1282                           ;Principal.c: 78:         SSPCONbits.CKP = 0;
  1283     00FE  1214               	bcf	20,4	;volatile
  1284                           
  1285                           ;Principal.c: 80:         if ((SSPCONbits.SSPOV) || (SSPCONbits.WCOL)){
  1286     00FF  1B14               	btfsc	20,6	;volatile
  1287     0100  2902               	goto	u32_21
  1288     0101  2903               	goto	u32_20
  1289     0102                     u32_21:
  1290     0102  2907               	goto	i1l1365
  1291     0103                     u32_20:
  1292     0103                     i1l1363:
  1293     0103  1F94               	btfss	20,7	;volatile
  1294     0104  2906               	goto	u33_21
  1295     0105  2907               	goto	u33_20
  1296     0106                     u33_21:
  1297     0106  290C               	goto	i1l1373
  1298     0107                     u33_20:
  1299     0107                     i1l1365:
  1300                           
  1301                           ;Principal.c: 81:             z = SSPBUF;
  1302     0107  0813               	movf	19,w	;volatile
  1303     0108  00F8               	movwf	_z
  1304     0109                     i1l1367:
  1305                           
  1306                           ;Principal.c: 82:             SSPCONbits.SSPOV = 0;
  1307     0109  1314               	bcf	20,6	;volatile
  1308     010A                     i1l1369:
  1309                           
  1310                           ;Principal.c: 83:             SSPCONbits.WCOL = 0;
  1311     010A  1394               	bcf	20,7	;volatile
  1312     010B                     i1l1371:
  1313                           
  1314                           ;Principal.c: 84:             SSPCONbits.CKP = 1;
  1315     010B  1614               	bsf	20,4	;volatile
  1316     010C                     i1l1373:
  1317                           
  1318                           ;Principal.c: 87:         if(!SSPSTATbits.D_nA && !SSPSTATbits.R_nW){
  1319     010C  1683               	bsf	3,5	;RP0=1, select bank1
  1320     010D  1303               	bcf	3,6	;RP1=0, select bank1
  1321     010E  1A94               	btfsc	20,5	;volatile
  1322     010F  2911               	goto	u34_21
  1323     0110  2912               	goto	u34_20
  1324     0111                     u34_21:
  1325     0111  292C               	goto	i1l63
  1326     0112                     u34_20:
  1327     0112                     i1l1375:
  1328     0112  1914               	btfsc	20,2	;volatile
  1329     0113  2915               	goto	u35_21
  1330     0114  2916               	goto	u35_20
  1331     0115                     u35_21:
  1332     0115  292C               	goto	i1l63
  1333     0116                     u35_20:
  1334     0116                     i1l1377:
  1335                           
  1336                           ;Principal.c: 89:             z = SSPBUF;
  1337     0116  1283               	bcf	3,5	;RP0=0, select bank0
  1338     0117  1303               	bcf	3,6	;RP1=0, select bank0
  1339     0118  0813               	movf	19,w	;volatile
  1340     0119  00F8               	movwf	_z
  1341     011A                     i1l1379:
  1342                           
  1343                           ;Principal.c: 91:             PIR1bits.SSPIF = 0;
  1344     011A  118C               	bcf	12,3	;volatile
  1345     011B                     i1l1381:
  1346                           
  1347                           ;Principal.c: 92:             SSPCONbits.CKP = 1;
  1348     011B  1614               	bsf	20,4	;volatile
  1349     011C                     i1l64:	
  1350                           ;Principal.c: 93:             while(!SSPSTATbits.BF);
  1351                           
  1352     011C  1683               	bsf	3,5	;RP0=1, select bank1
  1353     011D  1303               	bcf	3,6	;RP1=0, select bank1
  1354     011E  1C14               	btfss	20,0	;volatile
  1355     011F  2921               	goto	u36_21
  1356     0120  2922               	goto	u36_20
  1357     0121                     u36_21:
  1358     0121  291C               	goto	i1l64
  1359     0122                     u36_20:
  1360     0122                     i1l1383:
  1361                           
  1362                           ;Principal.c: 94:             PORTD = SSPBUF;
  1363     0122  1283               	bcf	3,5	;RP0=0, select bank0
  1364     0123  1303               	bcf	3,6	;RP1=0, select bank0
  1365     0124  0813               	movf	19,w	;volatile
  1366     0125  0088               	movwf	8	;volatile
  1367                           
  1368                           ;Principal.c: 95:             _delay((unsigned long)((250)*(8000000/4000000.0)));
  1369     0126  30A6               	movlw	166
  1370     0127  00F4               	movwf	??_isr
  1371     0128                     u43_27:
  1372     0128  0BF4               	decfsz	??_isr,f
  1373     0129  2928               	goto	u43_27
  1374     012A  0000               	nop
  1375                           
  1376                           ;Principal.c: 96:         }
  1377     012B  294B               	goto	i1l59
  1378     012C                     i1l63:	
  1379                           ;Principal.c: 97:         else if(!SSPSTATbits.D_nA && SSPSTATbits.R_nW){
  1380                           
  1381     012C  1A94               	btfsc	20,5	;volatile
  1382     012D  292F               	goto	u37_21
  1383     012E  2930               	goto	u37_20
  1384     012F                     u37_21:
  1385     012F  294B               	goto	i1l59
  1386     0130                     u37_20:
  1387     0130                     i1l1385:
  1388     0130  1D14               	btfss	20,2	;volatile
  1389     0131  2933               	goto	u38_21
  1390     0132  2934               	goto	u38_20
  1391     0133                     u38_21:
  1392     0133  294B               	goto	i1l59
  1393     0134                     u38_20:
  1394     0134                     i1l1387:
  1395                           
  1396                           ;Principal.c: 98:             z = SSPBUF;
  1397     0134  1283               	bcf	3,5	;RP0=0, select bank0
  1398     0135  1303               	bcf	3,6	;RP1=0, select bank0
  1399     0136  0813               	movf	19,w	;volatile
  1400     0137  00F8               	movwf	_z
  1401     0138                     i1l1389:
  1402                           
  1403                           ;Principal.c: 99:             BF = 0;
  1404     0138  1683               	bsf	3,5	;RP0=1, select bank1
  1405     0139  1303               	bcf	3,6	;RP1=0, select bank1
  1406     013A  1014               	bcf	20,0	;volatile
  1407                           
  1408                           ;Principal.c: 100:             SSPBUF = ADC;
  1409     013B  0877               	movf	_ADC,w
  1410     013C  1283               	bcf	3,5	;RP0=0, select bank0
  1411     013D  1303               	bcf	3,6	;RP1=0, select bank0
  1412     013E  0093               	movwf	19	;volatile
  1413     013F                     i1l1391:
  1414                           
  1415                           ;Principal.c: 101:             SSPCONbits.CKP = 1;
  1416     013F  1614               	bsf	20,4	;volatile
  1417                           
  1418                           ;Principal.c: 102:             _delay((unsigned long)((250)*(8000000/4000000.0)));
  1419     0140  30A6               	movlw	166
  1420     0141  00F4               	movwf	??_isr
  1421     0142                     u44_27:
  1422     0142  0BF4               	decfsz	??_isr,f
  1423     0143  2942               	goto	u44_27
  1424     0144  0000               	nop
  1425     0145                     i1l69:	
  1426                           ;Principal.c: 103:             while(SSPSTATbits.BF);
  1427                           
  1428     0145  1683               	bsf	3,5	;RP0=1, select bank1
  1429     0146  1303               	bcf	3,6	;RP1=0, select bank1
  1430     0147  1814               	btfsc	20,0	;volatile
  1431     0148  294A               	goto	u39_21
  1432     0149  294B               	goto	u39_20
  1433     014A                     u39_21:
  1434     014A  2945               	goto	i1l69
  1435     014B                     u39_20:
  1436     014B                     i1l59:	
  1437                           ;Principal.c: 105:     }
  1438                           
  1439                           
  1440                           ;Principal.c: 107:     PIR1bits.ADIF = 0;
  1441     014B  1283               	bcf	3,5	;RP0=0, select bank0
  1442     014C  1303               	bcf	3,6	;RP1=0, select bank0
  1443     014D  130C               	bcf	12,6	;volatile
  1444                           
  1445                           ;Principal.c: 108:     SSPIF = 0;
  1446     014E  118C               	bcf	12,3	;volatile
  1447     014F                     i1l72:	
  1448                           ;Principal.c: 109:     return;
  1449                           
  1450     014F  0876               	movf	??_isr+2,w
  1451     0150  008A               	movwf	10
  1452     0151  0E75               	swapf	??_isr+1,w
  1453     0152  0083               	movwf	3
  1454     0153  0EFE               	swapf	btemp,f
  1455     0154  0E7E               	swapf	btemp,w
  1456     0155  0009               	retfie
  1457     0156                     __end_of_isr:
  1458                           
  1459                           	psect	intentry
  1460     0004                     __pintentry:	
  1461                           ;incstack = 0
  1462                           ; Regs used in _isr: [wreg+pclath+cstack]
  1463                           
  1464     0004                     interrupt_function:
  1465     007E                     saved_w	set	btemp
  1466     0004  00FE               	movwf	btemp
  1467     0005  0E03               	swapf	3,w
  1468     0006  00F5               	movwf	??_isr+1
  1469     0007  080A               	movf	10,w
  1470     0008  00F6               	movwf	??_isr+2
  1471     0009  120A  118A  28EB   	ljmp	_isr
  1472                           
  1473                           	psect	text5
  1474     01B8                     __ptext5:	
  1475 ;; *************** function _read_ADC *****************
  1476 ;; Defined at:
  1477 ;;		line 87 in file "ADC_int.c"
  1478 ;; Parameters:    Size  Location     Type
  1479 ;;		None
  1480 ;; Auto vars:     Size  Location     Type
  1481 ;;		None
  1482 ;; Return value:  Size  Location     Type
  1483 ;;                  2    0[COMMON] int 
  1484 ;; Registers used:
  1485 ;;		wreg
  1486 ;; Tracked objects:
  1487 ;;		On entry : 0/0
  1488 ;;		On exit  : 0/0
  1489 ;;		Unchanged: 0/0
  1490 ;; Data sizes:     COMMON   BANK0   BANK1   BANK3   BANK2
  1491 ;;      Params:         2       0       0       0       0
  1492 ;;      Locals:         0       0       0       0       0
  1493 ;;      Temps:          2       0       0       0       0
  1494 ;;      Totals:         4       0       0       0       0
  1495 ;;Total ram usage:        4 bytes
  1496 ;; Hardware stack levels used: 1
  1497 ;; This function calls:
  1498 ;;		Nothing
  1499 ;; This function is called by:
  1500 ;;		_isr
  1501 ;; This function uses a non-reentrant model
  1502 ;;
  1503                           
  1504     01B8                     _read_ADC:	
  1505                           ;psect for function _read_ADC
  1506                           
  1507     01B8                     i1l1351:	
  1508                           ;incstack = 0
  1509                           ; Regs used in _read_ADC: [wreg]
  1510                           
  1511                           
  1512                           ;ADC_int.c: 88:     return ADRESH;
  1513     01B8  1283               	bcf	3,5	;RP0=0, select bank0
  1514     01B9  1303               	bcf	3,6	;RP1=0, select bank0
  1515     01BA  081E               	movf	30,w	;volatile
  1516     01BB  00F2               	movwf	??_read_ADC
  1517     01BC  01F3               	clrf	??_read_ADC+1
  1518     01BD  0872               	movf	??_read_ADC,w
  1519     01BE  00F0               	movwf	?_read_ADC
  1520     01BF  0873               	movf	??_read_ADC+1,w
  1521     01C0  00F1               	movwf	?_read_ADC+1
  1522     01C1                     i1l125:
  1523     01C1  0008               	return
  1524     01C2                     __end_of_read_ADC:
  1525     007E                     btemp	set	126	;btemp
  1526     007E                     wtemp0	set	126
  1527                           
  1528                           	psect	idloc
  1529                           
  1530                           ;Config register IDLOC0 @ 0x2000
  1531                           ;	unspecified, using default values
  1532     2000                     	org	8192
  1533     2000  3FFF               	dw	16383
  1534                           
  1535                           ;Config register IDLOC1 @ 0x2001
  1536                           ;	unspecified, using default values
  1537     2001                     	org	8193
  1538     2001  3FFF               	dw	16383
  1539                           
  1540                           ;Config register IDLOC2 @ 0x2002
  1541                           ;	unspecified, using default values
  1542     2002                     	org	8194
  1543     2002  3FFF               	dw	16383
  1544                           
  1545                           ;Config register IDLOC3 @ 0x2003
  1546                           ;	unspecified, using default values
  1547     2003                     	org	8195
  1548     2003  3FFF               	dw	16383
  1549                           
  1550                           	psect	config
  1551                           
  1552                           ;Config register CONFIG1 @ 0x2007
  1553                           ;	Oscillator Selection bits
  1554                           ;	FOSC = EXTRC_NOCLKOUT, RCIO oscillator: I/O function on RA6/OSC2/CLKOUT pin, RC on RA7
      +                          /OSC1/CLKIN
  1555                           ;	Watchdog Timer Enable bit
  1556                           ;	WDTE = OFF, WDT disabled and can be enabled by SWDTEN bit of the WDTCON register
  1557                           ;	Power-up Timer Enable bit
  1558                           ;	PWRTE = OFF, PWRT disabled
  1559                           ;	RE3/MCLR pin function select bit
  1560                           ;	MCLRE = OFF, RE3/MCLR pin function is digital input, MCLR internally tied to VDD
  1561                           ;	Code Protection bit
  1562                           ;	CP = OFF, Program memory code protection is disabled
  1563                           ;	Data Code Protection bit
  1564                           ;	CPD = OFF, Data memory code protection is disabled
  1565                           ;	Brown Out Reset Selection bits
  1566                           ;	BOREN = OFF, BOR disabled
  1567                           ;	Internal External Switchover bit
  1568                           ;	IESO = OFF, Internal/External Switchover mode is disabled
  1569                           ;	Fail-Safe Clock Monitor Enabled bit
  1570                           ;	FCMEN = OFF, Fail-Safe Clock Monitor is disabled
  1571                           ;	Low Voltage Programming Enable bit
  1572                           ;	LVP = OFF, RB3 pin has digital I/O, HV on MCLR must be used for programming
  1573                           ;	In-Circuit Debugger Mode bit
  1574                           ;	DEBUG = 0x1, unprogrammed default
  1575     2007                     	org	8199
  1576     2007  20D6               	dw	8406
  1577                           
  1578                           ;Config register CONFIG2 @ 0x2008
  1579                           ;	Brown-out Reset Selection bit
  1580                           ;	BOR4V = BOR40V, Brown-out Reset set to 4.0V
  1581                           ;	Flash Program Memory Self Write Enable bits
  1582                           ;	WRT = OFF, Write protection off
  1583     2008                     	org	8200
  1584     2008  3FFF               	dw	16383

Data Sizes:
    Strings     0
    Constant    0
    Data        0
    BSS         2
    Persistent  0
    Stack       0

Auto Spaces:
    Space          Size  Autos    Used
    COMMON           14      7       9
    BANK0            80      4       4
    BANK1            80      0       0
    BANK3            96      0       0
    BANK2            96      0       0

Pointer List with Targets:

    None.

Critical Paths under _main in COMMON

    None.

Critical Paths under _isr in COMMON

    _isr->_read_ADC

Critical Paths under _main in BANK0

    _setup->_setup_ADC

Critical Paths under _isr in BANK0

    None.

Critical Paths under _main in BANK1

    None.

Critical Paths under _isr in BANK1

    None.

Critical Paths under _main in BANK3

    None.

Critical Paths under _isr in BANK3

    None.

Critical Paths under _main in BANK2

    None.

Critical Paths under _isr in BANK2

    None.

Call Graph Tables:

 ---------------------------------------------------------------------------------
 (Depth) Function   	        Calls       Base Space   Used Autos Params    Refs
 ---------------------------------------------------------------------------------
 (0) _main                                                 2     2      0     152
                                              2 BANK0      2     2      0
                              _setup
 ---------------------------------------------------------------------------------
 (1) _setup                                                0     0      0     152
                     _I2C_Slave_Init
                          _setup_ADC
 ---------------------------------------------------------------------------------
 (2) _setup_ADC                                            2     0      2     121
                                              0 BANK0      2     0      2
 ---------------------------------------------------------------------------------
 (2) _I2C_Slave_Init                                       1     1      0      31
                                              0 BANK0      1     1      0
 ---------------------------------------------------------------------------------
 Estimated maximum stack depth 2
 ---------------------------------------------------------------------------------
 (Depth) Function   	        Calls       Base Space   Used Autos Params    Refs
 ---------------------------------------------------------------------------------
 (3) _isr                                                  3     3      0       0
                                              4 COMMON     3     3      0
                           _read_ADC
 ---------------------------------------------------------------------------------
 (4) _read_ADC                                             4     2      2       0
                                              0 COMMON     4     2      2
 ---------------------------------------------------------------------------------
 Estimated maximum stack depth 4
 ---------------------------------------------------------------------------------

 Call Graph Graphs:

 _main (ROOT)
   _setup
     _I2C_Slave_Init
     _setup_ADC

 _isr (ROOT)
   _read_ADC

 Address spaces:
Name               Size   Autos  Total    Cost      Usage
BITCOMMON            E      0       0       0        0.0%
EEDATA             100      0       0       0        0.0%
NULL                 0      0       0       0        0.0%
CODE                 0      0       0       0        0.0%
COMMON               E      7       9       1       64.3%
BITSFR0              0      0       0       1        0.0%
SFR0                 0      0       0       1        0.0%
BITSFR1              0      0       0       2        0.0%
SFR1                 0      0       0       2        0.0%
STACK                0      0       0       2        0.0%
ABS                  0      0       D       3        0.0%
BITBANK0            50      0       0       4        0.0%
BITSFR3              0      0       0       4        0.0%
SFR3                 0      0       0       4        0.0%
BANK0               50      4       4       5        5.0%
BITSFR2              0      0       0       5        0.0%
SFR2                 0      0       0       5        0.0%
BITBANK1            50      0       0       6        0.0%
BANK1               50      0       0       7        0.0%
BITBANK3            60      0       0       8        0.0%
BANK3               60      0       0       9        0.0%
BITBANK2            60      0       0      10        0.0%
BANK2               60      0       0      11        0.0%
DATA                 0      0       D      12        0.0%


Microchip Technology PIC Macro Assembler V2.40 build 20220703182018 
Symbol Table                                                                                   Thu Aug 03 15:56:03 2023

                      _z 0078              _SSPSTATbits 0094                       _BF 04A0  
                     l53 017F                      l122 00EA                      l107 0021  
                    l229 01B7                      _ADC 0077                      _GIE 005F  
                    u410 018B                      u411 018A                      u427 0191  
                    _isr 00EB                     l1501 00AC                     l1421 0015  
                   l1503 00B0                     l1431 002C                     l1423 0019  
                   l1521 01AF                     l1505 00B3                     l1441 003E  
                   l1433 002F                     l1425 001C                     l1523 01B0  
                   l1515 019F                     l1451 0050                     l1443 0042  
                   l1435 0033                     l1427 001F                     l1531 015E  
                   l1525 01B1                     l1517 01AD                     l1461 0063  
                   l1453 0054                     l1445 0045                     l1437 0037  
                   l1429 0028                     l1509 00B7                     l1541 0177  
                   l1533 0161                     l1527 01B4                     l1519 01AE  
                   l1471 0075                     l1463 0066                     l1455 0058  
                   l1447 0049                     l1439 003A                     l1551 017E  
                   l1543 0178                     l1535 0164                     l1481 0087  
                   l1473 0079                     l1465 006A                     l1457 005B  
                   l1449 004D                     l1545 0179                     l1537 016E  
                   l1529 0156                     l1561 0195                     l1491 009A  
                   l1483 008B                     l1475 007C                     l1467 006E  
                   l1459 005F                     l1547 017C                     l1539 0174  
                   l1555 0180                     l1493 009D                     l1485 008F  
                   l1477 0080                     l1469 0071                     l1549 017D  
                   l1557 0185                     l1583 00BE                     l1495 00A1  
                   l1487 0092                     l1479 0084                     l1559 018B  
                   l1497 00A5                     l1489 0096                     l1499 00A8  
                   ?_isr 0070                     _PIE1 008C                     _PEIE 005E  
                   i1l63 012C                     i1l72 014F                     i1l64 011C  
                   _PIR1 000C                     i1l59 014B                     i1l69 0145  
                   _main 0180                     btemp 007E                     start 000C  
                  ??_isr 0074                    ?_main 0070                    _ANSEL 0188  
                  i1l125 01C1                    u30_20 00F1                    u30_21 00F0  
                  u31_20 00FE                    u31_21 00FD                    u32_20 0103  
                  u32_21 0102                    u33_20 0107                    u33_21 0106  
                  u34_20 0112                    u34_21 0111                    u35_20 0116  
                  u35_21 0115                    _PORTA 0005                    _PORTB 0006  
                  _PORTD 0008                    _PORTE 0009                    u43_27 0128  
                  u36_20 0122                    u36_21 0121                    u44_27 0142  
                  u37_20 0130                    u37_21 012F                    u38_20 0134  
                  u38_21 0133                    u39_20 014B                    u39_21 014A  
                  _TRISB 0086                    _TRISD 0088                    _SSPIE 0463  
                  _TRISE 0089                    _SSPIF 0063                    _setup 0156  
                  pclath 000A                    status 0003                    wtemp0 007E  
        __initialization 000F             __end_of_main 019C                   ??_main 0022  
                 _ADCON0 001F                   _ADCON1 009F                   _ADRESH 001E  
                 ?_setup 0070                   _ANSELH 0189                   i1l1351 01B8  
                 i1l1361 00FE                   i1l1371 010B                   i1l1363 0103  
                 i1l1355 00EB                   i1l1381 011B                   i1l1373 010C  
                 i1l1365 0107                   i1l1357 00F1                   i1l1391 013F  
                 i1l1383 0122                   i1l1375 0112                   i1l1367 0109  
                 i1l1359 00F8                   i1l1385 0130                   i1l1377 0116  
                 i1l1369 010A                   i1l1387 0134                   i1l1379 011A  
                 i1l1389 0138                   _INTCON 000B                   _OSCCON 008F  
                 _SSPADD 0093                   _TRISC3 043B                   _TRISC4 043C  
                 _SSPBUF 0013                   _SSPCON 0014         __end_of_read_ADC 01C2  
                 saved_w 007E  __end_of__initialization 0011           __pcstackCOMMON 0070  
          __end_of_setup 0180                  ??_setup 0022    I2C_Slave_Init@address 0020  
             __pmaintext 0180               __pintentry 0004                  _SSPCON2 0091  
                _SSPSTAT 0094                ?_read_ADC 0070                _ANSELbits 0188  
                __ptext1 0156                  __ptext2 0015                  __ptext3 019C  
                __ptext4 00EB                  __ptext5 01B8     end_of_initialization 0011  
             ??_read_ADC 0072        __end_of_setup_ADC 00EB           _I2C_Slave_Init 019C  
              _TRISAbits 0085                _TRISBbits 0086                _TRISCbits 0087  
              _TRISEbits 0089   __end_of_I2C_Slave_Init 01B8      start_initialization 000F  
            __end_of_isr 0156          ?_I2C_Slave_Init 0070              __pbssCOMMON 0077  
              ___latbits 0002            __pcstackBANK0 0020         setup_ADC@channel 0020  
      interrupt_function 0004                 _PIR1bits 000C                _setup_ADC 0015  
             _ADCON0bits 001F               ?_setup_ADC 0020               _ANSELHbits 0189  
       ??_I2C_Slave_Init 0020                 _read_ADC 01B8                 intlevel1 0000  
            ??_setup_ADC 0022               _OPTION_REG 0081              _SSPCON2bits 0091  
             _SSPCONbits 0014  
